YouMedia/app/build/outputs/logs/manifest-merger-debug-report.txt
-- Merging decision tree log ---
provider#android.support.v4.content.FileProvider
INJECTED from src/main/AndroidManifest.xml:215:9-224:20
	android:grantUriPermissions
		ADDED from src/main/AndroidManifest.xml:219:13-47
	android:authorities
		INJECTED from src/main/AndroidManifest.xml
		ADDED from src/main/AndroidManifest.xml:217:13-51
	android:exported
		ADDED from src/main/AndroidManifest.xml:218:13-37
	android:name
		ADDED from src/main/AndroidManifest.xml:216:13-67
manifest
ADDED from src/main/AndroidManifest.xml:2:1-227:12
INJECTED from src/main/AndroidManifest.xml:2:1-227:12
INJECTED from src/main/AndroidManifest.xml:2:1-227:12
INJECTED from src/main/AndroidManifest.xml:2:1-227:12
MERGED from [com.heinrichreimersoftware:material-intro:1.6.2] AndroidManifest.xml:25:1-35:12
MERGED from [com.android.databinding:adapters:1.3.1] AndroidManifest.xml:17:1-26:12
MERGED from [com.android.databinding:library:1.3.1] AndroidManifest.xml:17:1-26:12
MERGED from [com.jakewharton.hugo:hugo-runtime:1.2.1] AndroidManifest.xml:2:1-11:12
MERGED from [com.crashlytics.sdk.android:crashlytics:2.8.0] AndroidManifest.xml:2:1-19:12
MERGED from [com.google.firebase:firebase-core:11.4.2] AndroidManifest.xml:2:1-6:12
MERGED from [com.squareup.leakcanary:leakcanary-android:1.5.4] AndroidManifest.xml:17:1-61:12
MERGED from [com.android.support:support-v13:27.0.2] AndroidManifest.xml:17:1-22:12
MERGED from [com.android.support:preference-v14:27.0.2] AndroidManifest.xml:17:1-22:12
MERGED from [com.github.kabouzeid:AndroidSlidingUpPanel:3.3.0-kmod3] AndroidManifest.xml:2:1-11:12
MERGED from [de.psdev.licensesdialog:licensesdialog:1.8.3] AndroidManifest.xml:16:6-20:12
MERGED from [com.google.firebase:firebase-analytics:11.4.2] AndroidManifest.xml:16:1-35:12
MERGED from [com.google.firebase:firebase-analytics-impl:11.4.2] AndroidManifest.xml:16:1-29:12
MERGED from [com.google.firebase:firebase-iid:11.4.2] AndroidManifest.xml:16:1-50:12
MERGED from [com.google.firebase:firebase-common:11.4.2] AndroidManifest.xml:2:1-8:12
MERGED from [com.google.android.gms:play-services-tasks:11.4.2] AndroidManifest.xml:2:1-5:12
MERGED from [com.google.android.gms:play-services-basement:11.4.2] AndroidManifest.xml:16:1-23:12
MERGED from [com.github.kabouzeid:app-theme-helper:1.3.7] AndroidManifest.xml:2:1-17:12
MERGED from [com.android.support:design:27.0.2] AndroidManifest.xml:17:1-22:12
MERGED from [com.android.support:preference-v7:27.0.2] AndroidManifest.xml:17:1-22:12
MERGED from [com.android.support:support-v4:27.0.2] AndroidManifest.xml:17:1-22:12
MERGED from [:commonlib] AndroidManifest.xml:2:1-11:12
MERGED from [com.github.kabouzeid:SeekArc:1.2-kmod] AndroidManifest.xml:25:1-37:12
MERGED from [com.afollestad.material-dialogs:commons:0.9.6.0] AndroidManifest.xml:2:1-14:12
MERGED from [com.afollestad.material-dialogs:core:0.9.6.0] AndroidManifest.xml:2:1-15:12
MERGED from [com.afollestad:material-cab:0.1.12] AndroidManifest.xml:2:1-14:12
MERGED from [me.zhanghai.android.materialprogressbar:library:1.4.2] AndroidManifest.xml:6:1-16:12
MERGED from [com.h6ah4i.android.widget.advrecyclerview:advrecyclerview:0.11.0] AndroidManifest.xml:17:1-27:12
MERGED from [com.android.support:appcompat-v7:27.0.2] AndroidManifest.xml:17:1-22:12
MERGED from [com.android.support:support-fragment:27.0.2] AndroidManifest.xml:17:1-22:12
MERGED from [com.android.support:palette-v7:27.0.2] AndroidManifest.xml:17:1-22:12
MERGED from [com.android.support:support-core-utils:27.0.2] AndroidManifest.xml:17:1-22:12
MERGED from [com.android.support:gridlayout-v7:27.0.2] AndroidManifest.xml:17:1-22:12
MERGED from [com.android.support:animated-vector-drawable:27.0.2] AndroidManifest.xml:17:1-22:12
MERGED from [com.github.kabouzeid:RecyclerView-FastScroll:1.0.16-kmod] AndroidManifest.xml:2:1-9:12
MERGED from [com.github.ksoichiro:android-observablescrollview:1.6.0] AndroidManifest.xml:17:1-23:12
MERGED from [com.android.support:recyclerview-v7:27.0.2] AndroidManifest.xml:17:1-22:12
MERGED from [com.android.support:support-core-ui:27.0.2] AndroidManifest.xml:17:1-22:12
MERGED from [com.android.support:support-media-compat:27.0.2] AndroidManifest.xml:17:1-22:12
MERGED from [com.android.support:percent:27.0.2] AndroidManifest.xml:17:1-22:12
MERGED from [com.jakewharton:butterknife:8.8.1] AndroidManifest.xml:2:1-7:12
MERGED from [com.android.support:support-vector-drawable:27.0.2] AndroidManifest.xml:17:1-22:12
MERGED from [com.android.support:transition:27.0.2] AndroidManifest.xml:17:1-22:12
MERGED from [com.android.support:support-compat:27.0.2] AndroidManifest.xml:17:1-22:12
MERGED from [com.android.support:cardview-v7:27.0.2] AndroidManifest.xml:17:1-22:12
MERGED from [com.crashlytics.sdk.android:crashlytics-core:2.5.0] AndroidManifest.xml:45:1-56:12
MERGED from [com.crashlytics.sdk.android:beta:1.2.7] AndroidManifest.xml:2:1-13:12
MERGED from [com.crashlytics.sdk.android:answers:1.4.1] AndroidManifest.xml:2:1-13:12
MERGED from [io.fabric.sdk.android:fabric:1.4.1] AndroidManifest.xml:22:1-33:12
MERGED from [com.squareup.leakcanary:leakcanary-analyzer:1.5.4] AndroidManifest.xml:17:1-25:12
MERGED from [android.arch.lifecycle:runtime:1.0.3] AndroidManifest.xml:17:1-24:12
MERGED from [com.android.support.constraint:constraint-layout:1.0.2] AndroidManifest.xml:2:1-11:12
MERGED from [com.google.firebase:firebase-analytics-license:11.4.2] AndroidManifest.xml:2:1-6:12
MERGED from [com.google.android.gms:play-services-basement-license:11.4.2] AndroidManifest.xml:2:1-6:12
MERGED from [com.google.firebase:firebase-common-license:11.4.2] AndroidManifest.xml:2:1-6:12
MERGED from [com.google.firebase:firebase-analytics-impl-license:11.4.2] AndroidManifest.xml:2:1-6:12
MERGED from [com.google.android.gms:play-services-tasks-license:11.4.2] AndroidManifest.xml:2:1-6:12
MERGED from [com.google.firebase:firebase-iid-license:11.4.2] AndroidManifest.xml:2:1-6:12
INJECTED from src/main/AndroidManifest.xml:2:1-227:12
INJECTED from src/main/AndroidManifest.xml:2:1-227:12
INJECTED from src/main/AndroidManifest.xml:2:1-227:12
	package
		ADDED from src/main/AndroidManifest.xml:4:5-33
		INJECTED from src/main/AndroidManifest.xml
		INJECTED from src/main/AndroidManifest.xml
	android:versionName
		INJECTED from src/main/AndroidManifest.xml
		ADDED from src/main/AndroidManifest.xml:2:1-227:12
		INJECTED from src/main/AndroidManifest.xml
	xmlns:tools
		ADDED from src/main/AndroidManifest.xml:3:5-51
	android:versionCode
		INJECTED from src/main/AndroidManifest.xml
		ADDED from src/main/AndroidManifest.xml:2:1-227:12
		INJECTED from src/main/AndroidManifest.xml
	xmlns:android
		ADDED from src/main/AndroidManifest.xml:2:11-69
uses-permission#android.permission.WAKE_LOCK
ADDED from src/main/AndroidManifest.xml:6:5-68
MERGED from [com.google.firebase:firebase-analytics:11.4.2] AndroidManifest.xml:22:5-67
MERGED from [com.google.firebase:firebase-analytics:11.4.2] AndroidManifest.xml:22:5-67
MERGED from [com.google.firebase:firebase-analytics-impl:11.4.2] AndroidManifest.xml:22:5-67
MERGED from [com.google.firebase:firebase-analytics-impl:11.4.2] AndroidManifest.xml:22:5-67
MERGED from [com.google.firebase:firebase-iid:11.4.2] AndroidManifest.xml:21:5-67
MERGED from [com.google.firebase:firebase-iid:11.4.2] AndroidManifest.xml:21:5-67
	android:name
		ADDED from src/main/AndroidManifest.xml:6:22-65
uses-permission#android.permission.READ_EXTERNAL_STORAGE
ADDED from src/main/AndroidManifest.xml:7:5-80
MERGED from [com.squareup.leakcanary:leakcanary-android:1.5.4] AndroidManifest.xml:23:5-80
MERGED from [com.squareup.leakcanary:leakcanary-android:1.5.4] AndroidManifest.xml:23:5-80
	android:name
		ADDED from src/main/AndroidManifest.xml:7:22-77
uses-permission#android.permission.WRITE_EXTERNAL_STORAGE
ADDED from src/main/AndroidManifest.xml:8:5-81
MERGED from [com.squareup.leakcanary:leakcanary-android:1.5.4] AndroidManifest.xml:24:5-81
MERGED from [com.squareup.leakcanary:leakcanary-android:1.5.4] AndroidManifest.xml:24:5-81
	android:name
		ADDED from src/main/AndroidManifest.xml:8:22-78
uses-permission#android.permission.INTERNET
ADDED from src/main/AndroidManifest.xml:9:5-67
MERGED from [com.crashlytics.sdk.android:crashlytics:2.8.0] AndroidManifest.xml:9:5-67
MERGED from [com.crashlytics.sdk.android:crashlytics:2.8.0] AndroidManifest.xml:9:5-67
MERGED from [com.google.firebase:firebase-analytics:11.4.2] AndroidManifest.xml:20:5-66
MERGED from [com.google.firebase:firebase-analytics:11.4.2] AndroidManifest.xml:20:5-66
MERGED from [com.google.firebase:firebase-analytics-impl:11.4.2] AndroidManifest.xml:20:5-66
MERGED from [com.google.firebase:firebase-analytics-impl:11.4.2] AndroidManifest.xml:20:5-66
MERGED from [com.google.firebase:firebase-iid:11.4.2] AndroidManifest.xml:20:5-66
MERGED from [com.google.firebase:firebase-iid:11.4.2] AndroidManifest.xml:20:5-66
MERGED from [com.crashlytics.sdk.android:crashlytics-core:2.5.0] AndroidManifest.xml:52:5-67
MERGED from [com.crashlytics.sdk.android:crashlytics-core:2.5.0] AndroidManifest.xml:52:5-67
MERGED from [com.crashlytics.sdk.android:beta:1.2.7] AndroidManifest.xml:9:5-67
MERGED from [com.crashlytics.sdk.android:beta:1.2.7] AndroidManifest.xml:9:5-67
MERGED from [com.crashlytics.sdk.android:answers:1.4.1] AndroidManifest.xml:9:5-67
MERGED from [com.crashlytics.sdk.android:answers:1.4.1] AndroidManifest.xml:9:5-67
MERGED from [io.fabric.sdk.android:fabric:1.4.1] AndroidManifest.xml:29:5-67
MERGED from [io.fabric.sdk.android:fabric:1.4.1] AndroidManifest.xml:29:5-67
	android:name
		ADDED from src/main/AndroidManifest.xml:9:22-64
uses-permission#android.permission.ACCESS_NETWORK_STATE
ADDED from src/main/AndroidManifest.xml:10:5-79
MERGED from [com.google.firebase:firebase-analytics:11.4.2] AndroidManifest.xml:21:5-78
MERGED from [com.google.firebase:firebase-analytics:11.4.2] AndroidManifest.xml:21:5-78
MERGED from [com.google.firebase:firebase-analytics-impl:11.4.2] AndroidManifest.xml:21:5-78
MERGED from [com.google.firebase:firebase-analytics-impl:11.4.2] AndroidManifest.xml:21:5-78
MERGED from [com.google.firebase:firebase-iid:11.4.2] AndroidManifest.xml:19:5-78
MERGED from [com.google.firebase:firebase-iid:11.4.2] AndroidManifest.xml:19:5-78
	android:name
		ADDED from src/main/AndroidManifest.xml:10:22-76
uses-permission#android.permission.BROADCAST_STICKY
ADDED from src/main/AndroidManifest.xml:11:5-75
	android:name
		ADDED from src/main/AndroidManifest.xml:11:22-72
uses-permission#android.permission.WRITE_SETTINGS
ADDED from src/main/AndroidManifest.xml:12:5-73
	android:name
		ADDED from src/main/AndroidManifest.xml:12:22-70
uses-permission#android.permission.RECEIVE_BOOT_COMPLETED
ADDED from src/main/AndroidManifest.xml:13:5-81
	android:name
		ADDED from src/main/AndroidManifest.xml:13:22-78
uses-permission#com.android.vending.BILLING
ADDED from src/main/AndroidManifest.xml:14:5-67
	android:name
		ADDED from src/main/AndroidManifest.xml:14:22-64
meta-data#firebase_crashlytics_collection_enabled
ADDED from src/main/AndroidManifest.xml:16:5-95
	android:value
		ADDED from src/main/AndroidManifest.xml:16:71-92
	android:name
		ADDED from src/main/AndroidManifest.xml:16:16-70
application
ADDED from src/main/AndroidManifest.xml:19:5-225:19
MERGED from [com.jakewharton.hugo:hugo-runtime:1.2.1] AndroidManifest.xml:9:5-20
MERGED from [com.jakewharton.hugo:hugo-runtime:1.2.1] AndroidManifest.xml:9:5-20
MERGED from [com.crashlytics.sdk.android:crashlytics:2.8.0] AndroidManifest.xml:11:5-17:19
MERGED from [com.crashlytics.sdk.android:crashlytics:2.8.0] AndroidManifest.xml:11:5-17:19
MERGED from [com.google.firebase:firebase-core:11.4.2] AndroidManifest.xml:5:5-20
MERGED from [com.google.firebase:firebase-core:11.4.2] AndroidManifest.xml:5:5-20
MERGED from [com.squareup.leakcanary:leakcanary-android:1.5.4] AndroidManifest.xml:26:5-59:19
MERGED from [com.squareup.leakcanary:leakcanary-android:1.5.4] AndroidManifest.xml:26:5-59:19
MERGED from [com.github.kabouzeid:AndroidSlidingUpPanel:3.3.0-kmod3] AndroidManifest.xml:9:5-20
MERGED from [com.github.kabouzeid:AndroidSlidingUpPanel:3.3.0-kmod3] AndroidManifest.xml:9:5-20
MERGED from [de.psdev.licensesdialog:licensesdialog:1.8.3] AndroidManifest.xml:19:5-19
MERGED from [de.psdev.licensesdialog:licensesdialog:1.8.3] AndroidManifest.xml:19:5-19
MERGED from [com.google.firebase:firebase-analytics:11.4.2] AndroidManifest.xml:24:5-34:19
MERGED from [com.google.firebase:firebase-analytics:11.4.2] AndroidManifest.xml:24:5-34:19
MERGED from [com.google.firebase:firebase-analytics-impl:11.4.2] AndroidManifest.xml:24:5-28:19
MERGED from [com.google.firebase:firebase-analytics-impl:11.4.2] AndroidManifest.xml:24:5-28:19
MERGED from [com.google.firebase:firebase-iid:11.4.2] AndroidManifest.xml:28:5-49:19
MERGED from [com.google.firebase:firebase-iid:11.4.2] AndroidManifest.xml:28:5-49:19
MERGED from [com.google.firebase:firebase-common:11.4.2] AndroidManifest.xml:4:5-7:19
MERGED from [com.google.firebase:firebase-common:11.4.2] AndroidManifest.xml:4:5-7:19
MERGED from [com.google.android.gms:play-services-tasks:11.4.2] AndroidManifest.xml:4:5-19
MERGED from [com.google.android.gms:play-services-tasks:11.4.2] AndroidManifest.xml:4:5-19
MERGED from [com.google.android.gms:play-services-basement:11.4.2] AndroidManifest.xml:19:5-21:19
MERGED from [com.google.android.gms:play-services-basement:11.4.2] AndroidManifest.xml:19:5-21:19
MERGED from [com.github.kabouzeid:app-theme-helper:1.3.7] AndroidManifest.xml:11:5-15:19
MERGED from [com.github.kabouzeid:app-theme-helper:1.3.7] AndroidManifest.xml:11:5-15:19
MERGED from [com.github.kabouzeid:SeekArc:1.2-kmod] AndroidManifest.xml:35:5-20
MERGED from [com.github.kabouzeid:SeekArc:1.2-kmod] AndroidManifest.xml:35:5-20
MERGED from [com.afollestad.material-dialogs:commons:0.9.6.0] AndroidManifest.xml:12:5-20
MERGED from [com.afollestad.material-dialogs:commons:0.9.6.0] AndroidManifest.xml:12:5-20
MERGED from [com.afollestad.material-dialogs:core:0.9.6.0] AndroidManifest.xml:13:5-20
MERGED from [com.afollestad.material-dialogs:core:0.9.6.0] AndroidManifest.xml:13:5-20
MERGED from [com.afollestad:material-cab:0.1.12] AndroidManifest.xml:12:5-20
MERGED from [com.afollestad:material-cab:0.1.12] AndroidManifest.xml:12:5-20
MERGED from [com.crashlytics.sdk.android:crashlytics-core:2.5.0] AndroidManifest.xml:54:5-20
MERGED from [com.crashlytics.sdk.android:crashlytics-core:2.5.0] AndroidManifest.xml:54:5-20
MERGED from [com.crashlytics.sdk.android:beta:1.2.7] AndroidManifest.xml:11:5-20
MERGED from [com.crashlytics.sdk.android:beta:1.2.7] AndroidManifest.xml:11:5-20
MERGED from [com.crashlytics.sdk.android:answers:1.4.1] AndroidManifest.xml:11:5-20
MERGED from [com.crashlytics.sdk.android:answers:1.4.1] AndroidManifest.xml:11:5-20
MERGED from [io.fabric.sdk.android:fabric:1.4.1] AndroidManifest.xml:31:5-20
MERGED from [io.fabric.sdk.android:fabric:1.4.1] AndroidManifest.xml:31:5-20
MERGED from [com.squareup.leakcanary:leakcanary-analyzer:1.5.4] AndroidManifest.xml:23:5-20
MERGED from [com.squareup.leakcanary:leakcanary-analyzer:1.5.4] AndroidManifest.xml:23:5-20
MERGED from [com.android.support.constraint:constraint-layout:1.0.2] AndroidManifest.xml:9:5-20
MERGED from [com.android.support.constraint:constraint-layout:1.0.2] AndroidManifest.xml:9:5-20
MERGED from [com.google.firebase:firebase-analytics-license:11.4.2] AndroidManifest.xml:5:5-20
MERGED from [com.google.firebase:firebase-analytics-license:11.4.2] AndroidManifest.xml:5:5-20
MERGED from [com.google.android.gms:play-services-basement-license:11.4.2] AndroidManifest.xml:5:5-20
MERGED from [com.google.android.gms:play-services-basement-license:11.4.2] AndroidManifest.xml:5:5-20
MERGED from [com.google.firebase:firebase-common-license:11.4.2] AndroidManifest.xml:5:5-20
MERGED from [com.google.firebase:firebase-common-license:11.4.2] AndroidManifest.xml:5:5-20
MERGED from [com.google.firebase:firebase-analytics-impl-license:11.4.2] AndroidManifest.xml:5:5-20
MERGED from [com.google.firebase:firebase-analytics-impl-license:11.4.2] AndroidManifest.xml:5:5-20
MERGED from [com.google.android.gms:play-services-tasks-license:11.4.2] AndroidManifest.xml:5:5-20
MERGED from [com.google.android.gms:play-services-tasks-license:11.4.2] AndroidManifest.xml:5:5-20
MERGED from [com.google.firebase:firebase-iid-license:11.4.2] AndroidManifest.xml:5:5-20
MERGED from [com.google.firebase:firebase-iid-license:11.4.2] AndroidManifest.xml:5:5-20
	android:supportsRtl
		ADDED from src/main/AndroidManifest.xml:25:9-35
	android:label
		ADDED from src/main/AndroidManifest.xml:23:9-41
	tools:ignore
		ADDED from src/main/AndroidManifest.xml:27:9-39
	android:roundIcon
		ADDED from src/main/AndroidManifest.xml:24:9-54
	android:icon
		ADDED from src/main/AndroidManifest.xml:22:9-43
	android:allowBackup
		ADDED from src/main/AndroidManifest.xml:21:9-35
	android:theme
		ADDED from src/main/AndroidManifest.xml:26:9-54
	android:name
		ADDED from src/main/AndroidManifest.xml:20:9-28
activity#com.umedia.android.ui.activities.MainActivity
ADDED from src/main/AndroidManifest.xml:29:9-99:20
	android:name
		ADDED from src/main/AndroidManifest.xml:29:19-61
intent-filter#android.intent.action.MAIN+android.intent.action.MUSIC_PLAYER+android.intent.category.APP_MUSIC+android.intent.category.DEFAULT+android.intent.category.LAUNCHER
ADDED from src/main/AndroidManifest.xml:30:13-37:29
action#android.intent.action.MAIN
ADDED from src/main/AndroidManifest.xml:31:17-69
	android:name
		ADDED from src/main/AndroidManifest.xml:31:25-66
action#android.intent.action.MUSIC_PLAYER
ADDED from src/main/AndroidManifest.xml:32:17-77
	android:name
		ADDED from src/main/AndroidManifest.xml:32:25-74
category#android.intent.category.LAUNCHER
ADDED from src/main/AndroidManifest.xml:34:17-77
	android:name
		ADDED from src/main/AndroidManifest.xml:34:27-74
category#android.intent.category.APP_MUSIC
ADDED from src/main/AndroidManifest.xml:35:17-78
	android:name
		ADDED from src/main/AndroidManifest.xml:35:27-75
category#android.intent.category.DEFAULT
ADDED from src/main/AndroidManifest.xml:36:17-76
	android:name
		ADDED from src/main/AndroidManifest.xml:36:27-73
intent-filter#android.intent.category.DEFAULT+android.media.action.MEDIA_PLAY_FROM_SEARCH
ADDED from src/main/AndroidManifest.xml:38:13-42:29
action#android.media.action.MEDIA_PLAY_FROM_SEARCH
ADDED from src/main/AndroidManifest.xml:39:17-86
	android:name
		ADDED from src/main/AndroidManifest.xml:39:25-83
intent-filter#android.intent.action.VIEW+android.intent.category.DEFAULT
ADDED from src/main/AndroidManifest.xml:43:13-53:29
	tools:ignore
		ADDED from src/main/AndroidManifest.xml:77:28-58
action#android.intent.action.VIEW
ADDED from src/main/AndroidManifest.xml:44:17-69
	android:name
		ADDED from src/main/AndroidManifest.xml:44:25-66
data
ADDED from src/main/AndroidManifest.xml:48:17-50
	android:scheme
		ADDED from src/main/AndroidManifest.xml:48:23-47
	android:mimeType
		ADDED from src/main/AndroidManifest.xml:49:23-49
intent-filter#android.intent.action.VIEW+android.intent.category.BROWSABLE+android.intent.category.DEFAULT
ADDED from src/main/AndroidManifest.xml:65:13-76:29
category#android.intent.category.BROWSABLE
ADDED from src/main/AndroidManifest.xml:69:17-78
	android:name
		ADDED from src/main/AndroidManifest.xml:69:27-75
intent-filter#android.intent.category.DEFAULT+com.cyanogenmod.eleven.AUDIO_PLAYER
ADDED from src/main/AndroidManifest.xml:86:13-90:29
action#com.cyanogenmod.eleven.AUDIO_PLAYER
ADDED from src/main/AndroidManifest.xml:87:17-78
	android:name
		ADDED from src/main/AndroidManifest.xml:87:25-75
intent-filter#android.intent.action.PICK+android.intent.category.DEFAULT+android.intent.category.OPENABLE
ADDED from src/main/AndroidManifest.xml:91:13-98:29
action#android.intent.action.PICK
ADDED from src/main/AndroidManifest.xml:92:17-69
	android:name
		ADDED from src/main/AndroidManifest.xml:92:25-66
category#android.intent.category.OPENABLE
ADDED from src/main/AndroidManifest.xml:95:17-77
	android:name
		ADDED from src/main/AndroidManifest.xml:95:27-74
activity#com.umedia.android.ui.activities.AlbumDetailActivity
ADDED from src/main/AndroidManifest.xml:100:9-71
	android:name
		ADDED from src/main/AndroidManifest.xml:100:19-68
activity#com.umedia.android.ui.activities.ArtistDetailActivity
ADDED from src/main/AndroidManifest.xml:101:9-72
	android:name
		ADDED from src/main/AndroidManifest.xml:101:19-69
activity#com.umedia.android.ui.activities.GenreDetailActivity
ADDED from src/main/AndroidManifest.xml:102:9-71
	android:name
		ADDED from src/main/AndroidManifest.xml:102:19-68
activity#com.umedia.android.ui.activities.PlaylistDetailActivity
ADDED from src/main/AndroidManifest.xml:103:9-74
	android:name
		ADDED from src/main/AndroidManifest.xml:103:19-71
activity#com.umedia.android.ui.activities.tageditor.SongTagEditorActivity
ADDED from src/main/AndroidManifest.xml:104:9-106:58
	android:windowSoftInputMode
		ADDED from src/main/AndroidManifest.xml:106:13-55
	android:name
		ADDED from src/main/AndroidManifest.xml:105:13-74
activity#com.umedia.android.ui.activities.tageditor.AlbumTagEditorActivity
ADDED from src/main/AndroidManifest.xml:107:9-109:58
	android:windowSoftInputMode
		ADDED from src/main/AndroidManifest.xml:109:13-55
	android:name
		ADDED from src/main/AndroidManifest.xml:108:13-75
activity#com.umedia.android.ui.activities.SearchActivity
ADDED from src/main/AndroidManifest.xml:110:9-66
	android:name
		ADDED from src/main/AndroidManifest.xml:110:19-63
activity#com.umedia.android.ui.activities.SettingsActivity
ADDED from src/main/AndroidManifest.xml:111:9-113:55
	android:label
		ADDED from src/main/AndroidManifest.xml:113:13-52
	android:name
		ADDED from src/main/AndroidManifest.xml:112:13-59
activity#com.umedia.android.ui.activities.AboutActivity
ADDED from src/main/AndroidManifest.xml:114:9-116:52
	android:label
		ADDED from src/main/AndroidManifest.xml:116:13-49
	android:name
		ADDED from src/main/AndroidManifest.xml:115:13-56
activity#com.umedia.android.ui.activities.intro.AppIntroActivity
ADDED from src/main/AndroidManifest.xml:117:9-120:50
	android:label
		ADDED from src/main/AndroidManifest.xml:119:13-48
	android:theme
		ADDED from src/main/AndroidManifest.xml:120:13-47
	android:name
		ADDED from src/main/AndroidManifest.xml:118:13-65
activity#com.umedia.android.ui.activities.bugreport.BugReportActivity
ADDED from src/main/AndroidManifest.xml:121:9-123:55
	android:label
		ADDED from src/main/AndroidManifest.xml:123:13-52
	android:name
		ADDED from src/main/AndroidManifest.xml:122:13-70
activity#com.umedia.android.appshortcuts.AppShortcutLauncherActivity
ADDED from src/main/AndroidManifest.xml:124:9-127:75
	android:launchMode
		ADDED from src/main/AndroidManifest.xml:126:13-48
	android:theme
		ADDED from src/main/AndroidManifest.xml:127:13-72
	android:name
		ADDED from src/main/AndroidManifest.xml:125:13-69
service#com.umedia.android.service.MusicService
ADDED from src/main/AndroidManifest.xml:129:9-131:38
	android:enabled
		ADDED from src/main/AndroidManifest.xml:131:13-35
	android:name
		ADDED from src/main/AndroidManifest.xml:130:13-49
receiver#com.umedia.android.service.MediaButtonIntentReceiver
ADDED from src/main/AndroidManifest.xml:133:9-137:20
	android:name
		ADDED from src/main/AndroidManifest.xml:133:19-68
intent-filter#android.intent.action.MEDIA_BUTTON
ADDED from src/main/AndroidManifest.xml:134:13-136:29
action#android.intent.action.MEDIA_BUTTON
ADDED from src/main/AndroidManifest.xml:135:17-77
	android:name
		ADDED from src/main/AndroidManifest.xml:135:25-74
meta-data#android.max_aspect
ADDED from src/main/AndroidManifest.xml:139:9-141:35
	android:value
		ADDED from src/main/AndroidManifest.xml:141:13-32
	android:name
		ADDED from src/main/AndroidManifest.xml:140:13-46
meta-data#com.lge.support.SPLIT_WINDOW
ADDED from src/main/AndroidManifest.xml:142:9-144:36
	android:value
		ADDED from src/main/AndroidManifest.xml:144:13-33
	android:name
		ADDED from src/main/AndroidManifest.xml:143:13-56
meta-data#io.fabric.ApiKey
ADDED from src/main/AndroidManifest.xml:148:9-150:72
	android:value
		ADDED from src/main/AndroidManifest.xml:150:13-69
	android:name
		ADDED from src/main/AndroidManifest.xml:149:13-44
meta-data#com.umedia.android.glide.PhonographGlideModule
ADDED from src/main/AndroidManifest.xml:151:9-153:43
	android:value
		ADDED from src/main/AndroidManifest.xml:153:13-40
	android:name
		ADDED from src/main/AndroidManifest.xml:152:13-74
meta-data#com.bumptech.glide.integration.okhttp3.OkHttpGlideModule
ADDED from src/main/AndroidManifest.xml:154:9-156:43
	android:value
		ADDED from src/main/AndroidManifest.xml:156:13-40
	android:name
		ADDED from src/main/AndroidManifest.xml:155:13-84
receiver#com.umedia.android.appwidgets.BootReceiver
ADDED from src/main/AndroidManifest.xml:159:9-164:20
	android:name
		ADDED from src/main/AndroidManifest.xml:159:19-58
intent-filter#android.intent.action.BOOT_COMPLETED+android.intent.action.QUICKBOOT_POWERON
ADDED from src/main/AndroidManifest.xml:160:13-163:29
action#android.intent.action.BOOT_COMPLETED
ADDED from src/main/AndroidManifest.xml:161:17-79
	android:name
		ADDED from src/main/AndroidManifest.xml:161:25-76
action#android.intent.action.QUICKBOOT_POWERON
ADDED from src/main/AndroidManifest.xml:162:17-82
	android:name
		ADDED from src/main/AndroidManifest.xml:162:25-79
receiver#com.umedia.android.appwidgets.AppWidgetBig
ADDED from src/main/AndroidManifest.xml:165:9-176:20
	android:label
		ADDED from src/main/AndroidManifest.xml:168:13-56
	android:exported
		ADDED from src/main/AndroidManifest.xml:167:13-37
	android:name
		ADDED from src/main/AndroidManifest.xml:166:13-52
intent-filter#android.appwidget.action.APPWIDGET_UPDATE
ADDED from src/main/AndroidManifest.xml:169:13-171:29
action#android.appwidget.action.APPWIDGET_UPDATE
ADDED from src/main/AndroidManifest.xml:170:17-84
	android:name
		ADDED from src/main/AndroidManifest.xml:170:25-81
meta-data#android.appwidget.provider
ADDED from src/main/AndroidManifest.xml:173:13-175:63
	android:resource
		ADDED from src/main/AndroidManifest.xml:175:17-60
	android:name
		ADDED from src/main/AndroidManifest.xml:174:17-58
receiver#com.umedia.android.appwidgets.AppWidgetClassic
ADDED from src/main/AndroidManifest.xml:177:9-188:20
	android:label
		ADDED from src/main/AndroidManifest.xml:180:13-60
	android:exported
		ADDED from src/main/AndroidManifest.xml:179:13-37
	android:name
		ADDED from src/main/AndroidManifest.xml:178:13-56
receiver#com.umedia.android.appwidgets.AppWidgetSmall
ADDED from src/main/AndroidManifest.xml:189:9-200:20
	android:label
		ADDED from src/main/AndroidManifest.xml:192:13-58
	android:exported
		ADDED from src/main/AndroidManifest.xml:191:13-37
	android:name
		ADDED from src/main/AndroidManifest.xml:190:13-54
receiver#com.umedia.android.appwidgets.AppWidgetCard
ADDED from src/main/AndroidManifest.xml:201:9-212:20
	android:label
		ADDED from src/main/AndroidManifest.xml:204:13-57
	android:exported
		ADDED from src/main/AndroidManifest.xml:203:13-37
	android:name
		ADDED from src/main/AndroidManifest.xml:202:13-53
activity#com.umedia.android.ui.activities.PurchaseActivity
ADDED from src/main/AndroidManifest.xml:214:9-77
	android:name
		ADDED from src/main/AndroidManifest.xml:214:19-65
uses-sdk
INJECTED from src/main/AndroidManifest.xml reason: use-sdk injection requested
INJECTED from src/main/AndroidManifest.xml
INJECTED from src/main/AndroidManifest.xml
MERGED from [com.heinrichreimersoftware:material-intro:1.6.2] AndroidManifest.xml:31:5-33:41
MERGED from [com.heinrichreimersoftware:material-intro:1.6.2] AndroidManifest.xml:31:5-33:41
MERGED from [com.android.databinding:adapters:1.3.1] AndroidManifest.xml:22:5-24:41
MERGED from [com.android.databinding:adapters:1.3.1] AndroidManifest.xml:22:5-24:41
MERGED from [com.android.databinding:library:1.3.1] AndroidManifest.xml:22:5-24:41
MERGED from [com.android.databinding:library:1.3.1] AndroidManifest.xml:22:5-24:41
MERGED from [com.jakewharton.hugo:hugo-runtime:1.2.1] AndroidManifest.xml:7:5-43
MERGED from [com.jakewharton.hugo:hugo-runtime:1.2.1] AndroidManifest.xml:7:5-43
MERGED from [com.crashlytics.sdk.android:crashlytics:2.8.0] AndroidManifest.xml:7:5-43
MERGED from [com.crashlytics.sdk.android:crashlytics:2.8.0] AndroidManifest.xml:7:5-43
MERGED from [com.google.firebase:firebase-core:11.4.2] AndroidManifest.xml:4:5-43
MERGED from [com.google.firebase:firebase-core:11.4.2] AndroidManifest.xml:4:5-43
MERGED from [com.squareup.leakcanary:leakcanary-android:1.5.4] AndroidManifest.xml:20:5-44
MERGED from [com.squareup.leakcanary:leakcanary-android:1.5.4] AndroidManifest.xml:20:5-44
MERGED from [com.android.support:support-v13:27.0.2] AndroidManifest.xml:20:5-44
MERGED from [com.android.support:support-v13:27.0.2] AndroidManifest.xml:20:5-44
MERGED from [com.android.support:preference-v14:27.0.2] AndroidManifest.xml:20:5-44
MERGED from [com.android.support:preference-v14:27.0.2] AndroidManifest.xml:20:5-44
MERGED from [com.github.kabouzeid:AndroidSlidingUpPanel:3.3.0-kmod3] AndroidManifest.xml:7:5-43
MERGED from [com.github.kabouzeid:AndroidSlidingUpPanel:3.3.0-kmod3] AndroidManifest.xml:7:5-43
MERGED from [de.psdev.licensesdialog:licensesdialog:1.8.3] AndroidManifest.xml:18:5-72
MERGED from [de.psdev.licensesdialog:licensesdialog:1.8.3] AndroidManifest.xml:18:5-72
MERGED from [com.google.firebase:firebase-analytics:11.4.2] AndroidManifest.xml:17:5-43
MERGED from [com.google.firebase:firebase-analytics:11.4.2] AndroidManifest.xml:17:5-43
MERGED from [com.google.firebase:firebase-analytics-impl:11.4.2] AndroidManifest.xml:17:5-43
MERGED from [com.google.firebase:firebase-analytics-impl:11.4.2] AndroidManifest.xml:17:5-43
MERGED from [com.google.firebase:firebase-iid:11.4.2] AndroidManifest.xml:17:5-43
MERGED from [com.google.firebase:firebase-iid:11.4.2] AndroidManifest.xml:17:5-43
MERGED from [com.google.firebase:firebase-common:11.4.2] AndroidManifest.xml:3:5-43
MERGED from [com.google.firebase:firebase-common:11.4.2] AndroidManifest.xml:3:5-43